[2024-02-13 15:19:19] testing.INFO: Accediendo a ForgotPasswordController@showLinkRequestForm  
[2024-02-13 15:19:20] testing.INFO: Inicio de solicitud a ForgotPasswordController@sendResetLinkEmail  
[2024-02-13 15:19:20] testing.INFO: Estado del enlace de restablecimiento de contraseña enviado {"status":"passwords.sent","email":"spencer.bernhard@example.net"} 
[2024-02-13 15:19:20] testing.INFO: Fin de solicitud a ForgotPasswordController@sendResetLinkEmail {"duration":0.05724191665649414} 
[2024-02-13 15:19:21] testing.INFO: Inicio de solicitud a ForgotPasswordController@sendResetLinkEmail  
[2024-02-13 15:19:21] testing.ERROR: Error en ForgotPasswordController@sendResetLinkEmail {"error_message":"The email field must be a valid email address.","trace":"#0 C:\\Users\\guiup\\Desktop\\Nueva carpeta\\gr04-puigantell-carmona-perez\\vendor\\laravel\\framework\\src\\Illuminate\\Validation\\Validator.php(534): throw_if(true, 'Illuminate\\\\Vali...', Object(Illuminate\\Validation\\Validator))
#1 C:\\Users\\guiup\\Desktop\\Nueva carpeta\\gr04-puigantell-carmona-perez\\vendor\\laravel\\framework\\src\\Illuminate\\Foundation\\Providers\\FoundationServiceProvider.php(124): Illuminate\\Validation\\Validator->validate()
#2 C:\\Users\\guiup\\Desktop\\Nueva carpeta\\gr04-puigantell-carmona-perez\\vendor\\laravel\\framework\\src\\Illuminate\\Macroable\\Traits\\Macroable.php(123): Illuminate\\Http\\Request->Illuminate\\Foundation\\Providers\\{closure}(Array)
#3 C:\\Users\\guiup\\Desktop\\Nueva carpeta\\gr04-puigantell-carmona-perez\\app\\Http\\Controllers\\ForgotPasswordController.php(23): Illuminate\\Http\\Request->__call('validate', Array)
#4 C:\\Users\\guiup\\Desktop\\Nueva carpeta\\gr04-puigantell-carmona-perez\\vendor\\laravel\\framework\\src\\Illuminate\\Routing\\Controller.php(54): App\\Http\\Controllers\\ForgotPasswordController->sendResetLinkEmail(Object(Illuminate\\Http\\Request))
#5 C:\\Users\\guiup\\Desktop\\Nueva carpeta\\gr04-puigantell-carmona-perez\\vendor\\laravel\\framework\\src\\Illuminate\\Routing\\ControllerDispatcher.php(43): Illuminate\\Routing\\Controller->callAction('sendResetLinkEm...', Array)
#6 C:\\Users\\guiup\\Desktop\\Nueva carpeta\\gr04-puigantell-carmona-perez\\vendor\\laravel\\framework\\src\\Illuminate\\Routing\\Route.php(259): Illuminate\\Routing\\ControllerDispatcher->dispatch(Object(Illuminate\\Routing\\Route), Object(App\\Http\\Controllers\\ForgotPasswordController), 'sendResetLinkEm...')
#7 C:\\Users\\guiup\\Desktop\\Nueva carpeta\\gr04-puigantell-carmona-perez\\vendor\\laravel\\framework\\src\\Illuminate\\Routing\\Route.php(205): Illuminate\\Routing\\Route->runController()
#8 C:\\Users\\guiup\\Desktop\\Nueva carpeta\\gr04-puigantell-carmona-perez\\vendor\\laravel\\framework\\src\\Illuminate\\Routing\\Router.php(806): Illuminate\\Routing\\Route->run()
#9 C:\\Users\\guiup\\Desktop\\Nueva carpeta\\gr04-puigantell-carmona-perez\\vendor\\laravel\\framework\\src\\Illuminate\\Pipeline\\Pipeline.php(144): Illuminate\\Routing\\Router->Illuminate\\Routing\\{closure}(Object(Illuminate\\Http\\Request))
#10 C:\\Users\\guiup\\Desktop\\Nueva carpeta\\gr04-puigantell-carmona-perez\\vendor\\laravel\\framework\\src\\Illuminate\\Routing\\Middleware\\SubstituteBindings.php(50): Illuminate\\Pipeline\\Pipeline->Illuminate\\Pipeline\\{closure}(Object(Illuminate\\Http\\Request))
#11 C:\\Users\\guiup\\Desktop\\Nueva carpeta\\gr04-puigantell-carmona-perez\\vendor\\laravel\\framework\\src\\Illuminate\\Pipeline\\Pipeline.php(183): Illuminate\\Routing\\Middleware\\SubstituteBindings->handle(Object(Illuminate\\Http\\Request), Object(Closure))
#12 C:\\Users\\guiup\\Desktop\\Nueva carpeta\\gr04-puigantell-carmona-perez\\vendor\\laravel\\framework\\src\\Illuminate\\Foundation\\Http\\Middleware\\VerifyCsrfToken.php(78): Illuminate\\Pipeline\\Pipeline->Illuminate\\Pipeline\\{closure}(Object(Illuminate\\Http\\Request))
#13 C:\\Users\\guiup\\Desktop\\Nueva carpeta\\gr04-puigantell-carmona-perez\\vendor\\laravel\\framework\\src\\Illuminate\\Pipeline\\Pipeline.php(183): Illuminate\\Foundation\\Http\\Middleware\\VerifyCsrfToken->handle(Object(Illuminate\\Http\\Request), Object(Closure))
#14 C:\\Users\\guiup\\Desktop\\Nueva carpeta\\gr04-puigantell-carmona-perez\\vendor\\laravel\\framework\\src\\Illuminate\\View\\Middleware\\ShareErrorsFromSession.php(49): Illuminate\\Pipeline\\Pipeline->Illuminate\\Pipeline\\{closure}(Object(Illuminate\\Http\\Request))
#15 C:\\Users\\guiup\\Desktop\\Nueva carpeta\\gr04-puigantell-carmona-perez\\vendor\\laravel\\framework\\src\\Illuminate\\Pipeline\\Pipeline.php(183): Illuminate\\View\\Middleware\\ShareErrorsFromSession->handle(Object(Illuminate\\Http\\Request), Object(Closure))
#16 C:\\Users\\guiup\\Desktop\\Nueva carpeta\\gr04-puigantell-carmona-perez\\vendor\\laravel\\framework\\src\\Illuminate\\Session\\Middleware\\StartSession.php(121): Illuminate\\Pipeline\\Pipeline->Illuminate\\Pipeline\\{closure}(Object(Illuminate\\Http\\Request))
#17 C:\\Users\\guiup\\Desktop\\Nueva carpeta\\gr04-puigantell-carmona-perez\\vendor\\laravel\\framework\\src\\Illuminate\\Session\\Middleware\\StartSession.php(64): Illuminate\\Session\\Middleware\\StartSession->handleStatefulRequest(Object(Illuminate\\Http\\Request), Object(Illuminate\\Session\\Store), Object(Closure))
#18 C:\\Users\\guiup\\Desktop\\Nueva carpeta\\gr04-puigantell-carmona-perez\\vendor\\laravel\\framework\\src\\Illuminate\\Pipeline\\Pipeline.php(183): Illuminate\\Session\\Middleware\\StartSession->handle(Object(Illuminate\\Http\\Request), Object(Closure))
#19 C:\\Users\\guiup\\Desktop\\Nueva carpeta\\gr04-puigantell-carmona-perez\\vendor\\laravel\\framework\\src\\Illuminate\\Cookie\\Middleware\\AddQueuedCookiesToResponse.php(37): Illuminate\\Pipeline\\Pipeline->Illuminate\\Pipeline\\{closure}(Object(Illuminate\\Http\\Request))
#20 C:\\Users\\guiup\\Desktop\\Nueva carpeta\\gr04-puigantell-carmona-perez\\vendor\\laravel\\framework\\src\\Illuminate\\Pipeline\\Pipeline.php(183): Illuminate\\Cookie\\Middleware\\AddQueuedCookiesToResponse->handle(Object(Illuminate\\Http\\Request), Object(Closure))
#21 C:\\Users\\guiup\\Desktop\\Nueva carpeta\\gr04-puigantell-carmona-perez\\vendor\\laravel\\framework\\src\\Illuminate\\Cookie\\Middleware\\EncryptCookies.php(67): Illuminate\\Pipeline\\Pipeline->Illuminate\\Pipeline\\{closure}(Object(Illuminate\\Http\\Request))
#22 C:\\Users\\guiup\\Desktop\\Nueva carpeta\\gr04-puigantell-carmona-perez\\vendor\\laravel\\framework\\src\\Illuminate\\Pipeline\\Pipeline.php(183): Illuminate\\Cookie\\Middleware\\EncryptCookies->handle(Object(Illuminate\\Http\\Request), Object(Closure))
#23 C:\\Users\\guiup\\Desktop\\Nueva carpeta\\gr04-puigantell-carmona-perez\\vendor\\laravel\\framework\\src\\Illuminate\\Pipeline\\Pipeline.php(119): Illuminate\\Pipeline\\Pipeline->Illuminate\\Pipeline\\{closure}(Object(Illuminate\\Http\\Request))
#24 C:\\Users\\guiup\\Desktop\\Nueva carpeta\\gr04-puigantell-carmona-perez\\vendor\\laravel\\framework\\src\\Illuminate\\Routing\\Router.php(805): Illuminate\\Pipeline\\Pipeline->then(Object(Closure))
#25 C:\\Users\\guiup\\Desktop\\Nueva carpeta\\gr04-puigantell-carmona-perez\\vendor\\laravel\\framework\\src\\Illuminate\\Routing\\Router.php(784): Illuminate\\Routing\\Router->runRouteWithinStack(Object(Illuminate\\Routing\\Route), Object(Illuminate\\Http\\Request))
#26 C:\\Users\\guiup\\Desktop\\Nueva carpeta\\gr04-puigantell-carmona-perez\\vendor\\laravel\\framework\\src\\Illuminate\\Routing\\Router.php(748): Illuminate\\Routing\\Router->runRoute(Object(Illuminate\\Http\\Request), Object(Illuminate\\Routing\\Route))
#27 C:\\Users\\guiup\\Desktop\\Nueva carpeta\\gr04-puigantell-carmona-perez\\vendor\\laravel\\framework\\src\\Illuminate\\Routing\\Router.php(737): Illuminate\\Routing\\Router->dispatchToRoute(Object(Illuminate\\Http\\Request))
#28 C:\\Users\\guiup\\Desktop\\Nueva carpeta\\gr04-puigantell-carmona-perez\\vendor\\laravel\\framework\\src\\Illuminate\\Foundation\\Http\\Kernel.php(200): Illuminate\\Routing\\Router->dispatch(Object(Illuminate\\Http\\Request))
#29 C:\\Users\\guiup\\Desktop\\Nueva carpeta\\gr04-puigantell-carmona-perez\\vendor\\laravel\\framework\\src\\Illuminate\\Pipeline\\Pipeline.php(144): Illuminate\\Foundation\\Http\\Kernel->Illuminate\\Foundation\\Http\\{closure}(Object(Illuminate\\Http\\Request))
#30 C:\\Users\\guiup\\Desktop\\Nueva carpeta\\gr04-puigantell-carmona-perez\\vendor\\laravel\\framework\\src\\Illuminate\\Foundation\\Http\\Middleware\\TransformsRequest.php(21): Illuminate\\Pipeline\\Pipeline->Illuminate\\Pipeline\\{closure}(Object(Illuminate\\Http\\Request))
#31 C:\\Users\\guiup\\Desktop\\Nueva carpeta\\gr04-puigantell-carmona-perez\\vendor\\laravel\\framework\\src\\Illuminate\\Foundation\\Http\\Middleware\\ConvertEmptyStringsToNull.php(31): Illuminate\\Foundation\\Http\\Middleware\\TransformsRequest->handle(Object(Illuminate\\Http\\Request), Object(Closure))
#32 C:\\Users\\guiup\\Desktop\\Nueva carpeta\\gr04-puigantell-carmona-perez\\vendor\\laravel\\framework\\src\\Illuminate\\Pipeline\\Pipeline.php(183): Illuminate\\Foundation\\Http\\Middleware\\ConvertEmptyStringsToNull->handle(Object(Illuminate\\Http\\Request), Object(Closure))
#33 C:\\Users\\guiup\\Desktop\\Nueva carpeta\\gr04-puigantell-carmona-perez\\vendor\\laravel\\framework\\src\\Illuminate\\Foundation\\Http\\Middleware\\TransformsRequest.php(21): Illuminate\\Pipeline\\Pipeline->Illuminate\\Pipeline\\{closure}(Object(Illuminate\\Http\\Request))
#34 C:\\Users\\guiup\\Desktop\\Nueva carpeta\\gr04-puigantell-carmona-perez\\vendor\\laravel\\framework\\src\\Illuminate\\Foundation\\Http\\Middleware\\TrimStrings.php(40): Illuminate\\Foundation\\Http\\Middleware\\TransformsRequest->handle(Object(Illuminate\\Http\\Request), Object(Closure))
#35 C:\\Users\\guiup\\Desktop\\Nueva carpeta\\gr04-puigantell-carmona-perez\\vendor\\laravel\\framework\\src\\Illuminate\\Pipeline\\Pipeline.php(183): Illuminate\\Foundation\\Http\\Middleware\\TrimStrings->handle(Object(Illuminate\\Http\\Request), Object(Closure))
#36 C:\\Users\\guiup\\Desktop\\Nueva carpeta\\gr04-puigantell-carmona-perez\\vendor\\laravel\\framework\\src\\Illuminate\\Foundation\\Http\\Middleware\\ValidatePostSize.php(27): Illuminate\\Pipeline\\Pipeline->Illuminate\\Pipeline\\{closure}(Object(Illuminate\\Http\\Request))
#37 C:\\Users\\guiup\\Desktop\\Nueva carpeta\\gr04-puigantell-carmona-perez\\vendor\\laravel\\framework\\src\\Illuminate\\Pipeline\\Pipeline.php(183): Illuminate\\Foundation\\Http\\Middleware\\ValidatePostSize->handle(Object(Illuminate\\Http\\Request), Object(Closure))
#38 C:\\Users\\guiup\\Desktop\\Nueva carpeta\\gr04-puigantell-carmona-perez\\vendor\\laravel\\framework\\src\\Illuminate\\Foundation\\Http\\Middleware\\PreventRequestsDuringMaintenance.php(99): Illuminate\\Pipeline\\Pipeline->Illuminate\\Pipeline\\{closure}(Object(Illuminate\\Http\\Request))
#39 C:\\Users\\guiup\\Desktop\\Nueva carpeta\\gr04-puigantell-carmona-perez\\vendor\\laravel\\framework\\src\\Illuminate\\Pipeline\\Pipeline.php(183): Illuminate\\Foundation\\Http\\Middleware\\PreventRequestsDuringMaintenance->handle(Object(Illuminate\\Http\\Request), Object(Closure))
#40 C:\\Users\\guiup\\Desktop\\Nueva carpeta\\gr04-puigantell-carmona-perez\\vendor\\laravel\\framework\\src\\Illuminate\\Http\\Middleware\\HandleCors.php(62): Illuminate\\Pipeline\\Pipeline->Illuminate\\Pipeline\\{closure}(Object(Illuminate\\Http\\Request))
#41 C:\\Users\\guiup\\Desktop\\Nueva carpeta\\gr04-puigantell-carmona-perez\\vendor\\laravel\\framework\\src\\Illuminate\\Pipeline\\Pipeline.php(183): Illuminate\\Http\\Middleware\\HandleCors->handle(Object(Illuminate\\Http\\Request), Object(Closure))
#42 C:\\Users\\guiup\\Desktop\\Nueva carpeta\\gr04-puigantell-carmona-perez\\vendor\\laravel\\framework\\src\\Illuminate\\Http\\Middleware\\TrustProxies.php(39): Illuminate\\Pipeline\\Pipeline->Illuminate\\Pipeline\\{closure}(Object(Illuminate\\Http\\Request))
#43 C:\\Users\\guiup\\Desktop\\Nueva carpeta\\gr04-puigantell-carmona-perez\\vendor\\laravel\\framework\\src\\Illuminate\\Pipeline\\Pipeline.php(183): Illuminate\\Http\\Middleware\\TrustProxies->handle(Object(Illuminate\\Http\\Request), Object(Closure))
#44 C:\\Users\\guiup\\Desktop\\Nueva carpeta\\gr04-puigantell-carmona-perez\\vendor\\laravel\\framework\\src\\Illuminate\\Pipeline\\Pipeline.php(119): Illuminate\\Pipeline\\Pipeline->Illuminate\\Pipeline\\{closure}(Object(Illuminate\\Http\\Request))
#45 C:\\Users\\guiup\\Desktop\\Nueva carpeta\\gr04-puigantell-carmona-perez\\vendor\\laravel\\framework\\src\\Illuminate\\Foundation\\Http\\Kernel.php(175): Illuminate\\Pipeline\\Pipeline->then(Object(Closure))
#46 C:\\Users\\guiup\\Desktop\\Nueva carpeta\\gr04-puigantell-carmona-perez\\vendor\\laravel\\framework\\src\\Illuminate\\Foundation\\Http\\Kernel.php(144): Illuminate\\Foundation\\Http\\Kernel->sendRequestThroughRouter(Object(Illuminate\\Http\\Request))
#47 C:\\Users\\guiup\\Desktop\\Nueva carpeta\\gr04-puigantell-carmona-perez\\vendor\\laravel\\framework\\src\\Illuminate\\Foundation\\Testing\\Concerns\\MakesHttpRequests.php(585): Illuminate\\Foundation\\Http\\Kernel->handle(Object(Illuminate\\Http\\Request))
#48 C:\\Users\\guiup\\Desktop\\Nueva carpeta\\gr04-puigantell-carmona-perez\\vendor\\laravel\\framework\\src\\Illuminate\\Foundation\\Testing\\Concerns\\MakesHttpRequests.php(375): Illuminate\\Foundation\\Testing\\TestCase->call('POST', 'http://localhos...', Array, Array, Array, Array)
#49 C:\\Users\\guiup\\Desktop\\Nueva carpeta\\gr04-puigantell-carmona-perez\\tests\\Feature\\ForgotPasswordControllerTest.php(51): Illuminate\\Foundation\\Testing\\TestCase->post('http://localhos...', Array)
#50 C:\\Users\\guiup\\Desktop\\Nueva carpeta\\gr04-puigantell-carmona-perez\\vendor\\phpunit\\phpunit\\src\\Framework\\TestCase.php(1122): Tests\\Feature\\ForgotPasswordControllerTest->it_handles_invalid_email_when_sending_reset_link()
#51 C:\\Users\\guiup\\Desktop\\Nueva carpeta\\gr04-puigantell-carmona-perez\\vendor\\laravel\\framework\\src\\Illuminate\\Foundation\\Testing\\TestCase.php(177): PHPUnit\\Framework\\TestCase->runTest()
#52 C:\\Users\\guiup\\Desktop\\Nueva carpeta\\gr04-puigantell-carmona-perez\\vendor\\phpunit\\phpunit\\src\\Framework\\TestCase.php(654): Illuminate\\Foundation\\Testing\\TestCase->runTest()
#53 C:\\Users\\guiup\\Desktop\\Nueva carpeta\\gr04-puigantell-carmona-perez\\vendor\\phpunit\\phpunit\\src\\Framework\\TestRunner.php(104): PHPUnit\\Framework\\TestCase->runBare()
#54 C:\\Users\\guiup\\Desktop\\Nueva carpeta\\gr04-puigantell-carmona-perez\\vendor\\phpunit\\phpunit\\src\\Framework\\TestCase.php(488): PHPUnit\\Framework\\TestRunner->run(Object(Tests\\Feature\\ForgotPasswordControllerTest))
#55 C:\\Users\\guiup\\Desktop\\Nueva carpeta\\gr04-puigantell-carmona-perez\\vendor\\phpunit\\phpunit\\src\\Framework\\TestSuite.php(340): PHPUnit\\Framework\\TestCase->run()
#56 C:\\Users\\guiup\\Desktop\\Nueva carpeta\\gr04-puigantell-carmona-perez\\vendor\\phpunit\\phpunit\\src\\Framework\\TestSuite.php(340): PHPUnit\\Framework\\TestSuite->run()
#57 C:\\Users\\guiup\\Desktop\\Nueva carpeta\\gr04-puigantell-carmona-perez\\vendor\\phpunit\\phpunit\\src\\Framework\\TestSuite.php(340): PHPUnit\\Framework\\TestSuite->run()
#58 C:\\Users\\guiup\\Desktop\\Nueva carpeta\\gr04-puigantell-carmona-perez\\vendor\\phpunit\\phpunit\\src\\TextUI\\TestRunner.php(63): PHPUnit\\Framework\\TestSuite->run()
#59 C:\\Users\\guiup\\Desktop\\Nueva carpeta\\gr04-puigantell-carmona-perez\\vendor\\phpunit\\phpunit\\src\\TextUI\\Application.php(198): PHPUnit\\TextUI\\TestRunner->run(Object(PHPUnit\\TextUI\\Configuration\\Configuration), Object(PHPUnit\\Runner\\ResultCache\\DefaultResultCache), Object(PHPUnit\\Framework\\TestSuite))
#60 C:\\Users\\guiup\\Desktop\\Nueva carpeta\\gr04-puigantell-carmona-perez\\vendor\\phpunit\\phpunit\\phpunit(104): PHPUnit\\TextUI\\Application->run(Array)
#61 {main}"} 
[2024-02-13 15:19:21] testing.INFO: Inicio de solicitud a ForgotPasswordController@sendResetLinkEmail  
[2024-02-13 15:19:21] testing.INFO: Estado del enlace de restablecimiento de contraseña enviado {"status":"passwords.user","email":"user@example.com"} 
[2024-02-13 15:19:21] testing.INFO: Fin de solicitud a ForgotPasswordController@sendResetLinkEmail {"duration":0.0027489662170410156} 
