[2024-02-13 11:35:07] local.INFO: Inicio de solicitud a HomeController@index  
[2024-02-13 11:35:08] local.INFO: Fin de solicitud a HomeController@index {"duration":0.08747315406799316} 
[2024-02-13 15:23:13] local.INFO: Inicio de solicitud a HomeController@index  
[2024-02-13 15:23:13] local.INFO: Fin de solicitud a HomeController@index {"duration":0.07636499404907227} 
[2024-02-13 15:24:03] local.INFO: Inicio de solicitud a HomeController@index  
[2024-02-13 15:24:03] local.INFO: Fin de solicitud a HomeController@index {"duration":0.061625003814697266} 
[2024-02-13 15:32:51] local.INFO: Inicio de solicitud a HomeController@index  
[2024-02-13 15:32:51] local.INFO: Fin de solicitud a HomeController@index {"duration":0.06338286399841309} 
[2024-02-13 15:33:34] local.INFO: Inicio de solicitud a HomeController@index  
[2024-02-13 15:33:34] local.INFO: Fin de solicitud a HomeController@index {"duration":0.07741713523864746} 
[2024-02-13 15:42:14] testing.INFO: Inicio de solicitud a HomeController@index  
[2024-02-13 15:42:14] testing.ERROR: Error en HomeController@index {"error_message":"SQLSTATE[HY000]: General error: 1 no such table: categories (Connection: sqlite, SQL: select \"name\", \"id\" from \"categories\")","trace":"#0 C:\\Users\\guiup\\Desktop\\Nueva carpeta\\gr04-puigantell-carmona-perez\\vendor\\laravel\\framework\\src\\Illuminate\\Database\\Connection.php(783): Illuminate\\Database\\Connection->runQueryCallback('select \"name\", ...', Array, Object(Closure))
#1 C:\\Users\\guiup\\Desktop\\Nueva carpeta\\gr04-puigantell-carmona-perez\\vendor\\laravel\\framework\\src\\Illuminate\\Database\\Connection.php(414): Illuminate\\Database\\Connection->run('select \"name\", ...', Array, Object(Closure))
#2 C:\\Users\\guiup\\Desktop\\Nueva carpeta\\gr04-puigantell-carmona-perez\\vendor\\laravel\\framework\\src\\Illuminate\\Database\\Query\\Builder.php(2751): Illuminate\\Database\\Connection->select('select \"name\", ...', Array, true)
#3 C:\\Users\\guiup\\Desktop\\Nueva carpeta\\gr04-puigantell-carmona-perez\\vendor\\laravel\\framework\\src\\Illuminate\\Database\\Query\\Builder.php(2980): Illuminate\\Database\\Query\\Builder->runSelect()
#4 C:\\Users\\guiup\\Desktop\\Nueva carpeta\\gr04-puigantell-carmona-perez\\vendor\\laravel\\framework\\src\\Illuminate\\Database\\Query\\Builder.php(3294): Illuminate\\Database\\Query\\Builder->Illuminate\\Database\\Query\\{closure}()
#5 C:\\Users\\guiup\\Desktop\\Nueva carpeta\\gr04-puigantell-carmona-perez\\vendor\\laravel\\framework\\src\\Illuminate\\Database\\Query\\Builder.php(2976): Illuminate\\Database\\Query\\Builder->onceWithColumns(Array, Object(Closure))
#6 C:\\Users\\guiup\\Desktop\\Nueva carpeta\\gr04-puigantell-carmona-perez\\vendor\\laravel\\framework\\src\\Illuminate\\Database\\Eloquent\\Builder.php(888): Illuminate\\Database\\Query\\Builder->pluck('name', 'id')
#7 C:\\Users\\guiup\\Desktop\\Nueva carpeta\\gr04-puigantell-carmona-perez\\vendor\\laravel\\framework\\src\\Illuminate\\Support\\Traits\\ForwardsCalls.php(23): Illuminate\\Database\\Eloquent\\Builder->pluck('name', 'id')
#8 C:\\Users\\guiup\\Desktop\\Nueva carpeta\\gr04-puigantell-carmona-perez\\vendor\\laravel\\framework\\src\\Illuminate\\Database\\Eloquent\\Model.php(2334): Illuminate\\Database\\Eloquent\\Model->forwardCallTo(Object(Illuminate\\Database\\Eloquent\\Builder), 'pluck', Array)
#9 C:\\Users\\guiup\\Desktop\\Nueva carpeta\\gr04-puigantell-carmona-perez\\vendor\\laravel\\framework\\src\\Illuminate\\Database\\Eloquent\\Model.php(2346): Illuminate\\Database\\Eloquent\\Model->__call('pluck', Array)
#10 C:\\Users\\guiup\\Desktop\\Nueva carpeta\\gr04-puigantell-carmona-perez\\app\\Http\\Controllers\\HomeController.php(21): Illuminate\\Database\\Eloquent\\Model::__callStatic('pluck', Array)
#11 C:\\Users\\guiup\\Desktop\\Nueva carpeta\\gr04-puigantell-carmona-perez\\vendor\\laravel\\framework\\src\\Illuminate\\Routing\\Controller.php(54): App\\Http\\Controllers\\HomeController->index(Object(Illuminate\\Http\\Request))
#12 C:\\Users\\guiup\\Desktop\\Nueva carpeta\\gr04-puigantell-carmona-perez\\vendor\\laravel\\framework\\src\\Illuminate\\Routing\\ControllerDispatcher.php(43): Illuminate\\Routing\\Controller->callAction('index', Array)
#13 C:\\Users\\guiup\\Desktop\\Nueva carpeta\\gr04-puigantell-carmona-perez\\vendor\\laravel\\framework\\src\\Illuminate\\Routing\\Route.php(259): Illuminate\\Routing\\ControllerDispatcher->dispatch(Object(Illuminate\\Routing\\Route), Object(App\\Http\\Controllers\\HomeController), 'index')
#14 C:\\Users\\guiup\\Desktop\\Nueva carpeta\\gr04-puigantell-carmona-perez\\vendor\\laravel\\framework\\src\\Illuminate\\Routing\\Route.php(205): Illuminate\\Routing\\Route->runController()
#15 C:\\Users\\guiup\\Desktop\\Nueva carpeta\\gr04-puigantell-carmona-perez\\vendor\\laravel\\framework\\src\\Illuminate\\Routing\\Router.php(806): Illuminate\\Routing\\Route->run()
#16 C:\\Users\\guiup\\Desktop\\Nueva carpeta\\gr04-puigantell-carmona-perez\\vendor\\laravel\\framework\\src\\Illuminate\\Pipeline\\Pipeline.php(144): Illuminate\\Routing\\Router->Illuminate\\Routing\\{closure}(Object(Illuminate\\Http\\Request))
#17 C:\\Users\\guiup\\Desktop\\Nueva carpeta\\gr04-puigantell-carmona-perez\\vendor\\laravel\\framework\\src\\Illuminate\\Routing\\Middleware\\SubstituteBindings.php(50): Illuminate\\Pipeline\\Pipeline->Illuminate\\Pipeline\\{closure}(Object(Illuminate\\Http\\Request))
#18 C:\\Users\\guiup\\Desktop\\Nueva carpeta\\gr04-puigantell-carmona-perez\\vendor\\laravel\\framework\\src\\Illuminate\\Pipeline\\Pipeline.php(183): Illuminate\\Routing\\Middleware\\SubstituteBindings->handle(Object(Illuminate\\Http\\Request), Object(Closure))
#19 C:\\Users\\guiup\\Desktop\\Nueva carpeta\\gr04-puigantell-carmona-perez\\vendor\\laravel\\framework\\src\\Illuminate\\Foundation\\Http\\Middleware\\VerifyCsrfToken.php(78): Illuminate\\Pipeline\\Pipeline->Illuminate\\Pipeline\\{closure}(Object(Illuminate\\Http\\Request))
#20 C:\\Users\\guiup\\Desktop\\Nueva carpeta\\gr04-puigantell-carmona-perez\\vendor\\laravel\\framework\\src\\Illuminate\\Pipeline\\Pipeline.php(183): Illuminate\\Foundation\\Http\\Middleware\\VerifyCsrfToken->handle(Object(Illuminate\\Http\\Request), Object(Closure))
#21 C:\\Users\\guiup\\Desktop\\Nueva carpeta\\gr04-puigantell-carmona-perez\\vendor\\laravel\\framework\\src\\Illuminate\\View\\Middleware\\ShareErrorsFromSession.php(49): Illuminate\\Pipeline\\Pipeline->Illuminate\\Pipeline\\{closure}(Object(Illuminate\\Http\\Request))
#22 C:\\Users\\guiup\\Desktop\\Nueva carpeta\\gr04-puigantell-carmona-perez\\vendor\\laravel\\framework\\src\\Illuminate\\Pipeline\\Pipeline.php(183): Illuminate\\View\\Middleware\\ShareErrorsFromSession->handle(Object(Illuminate\\Http\\Request), Object(Closure))
#23 C:\\Users\\guiup\\Desktop\\Nueva carpeta\\gr04-puigantell-carmona-perez\\vendor\\laravel\\framework\\src\\Illuminate\\Session\\Middleware\\StartSession.php(121): Illuminate\\Pipeline\\Pipeline->Illuminate\\Pipeline\\{closure}(Object(Illuminate\\Http\\Request))
#24 C:\\Users\\guiup\\Desktop\\Nueva carpeta\\gr04-puigantell-carmona-perez\\vendor\\laravel\\framework\\src\\Illuminate\\Session\\Middleware\\StartSession.php(64): Illuminate\\Session\\Middleware\\StartSession->handleStatefulRequest(Object(Illuminate\\Http\\Request), Object(Illuminate\\Session\\Store), Object(Closure))
#25 C:\\Users\\guiup\\Desktop\\Nueva carpeta\\gr04-puigantell-carmona-perez\\vendor\\laravel\\framework\\src\\Illuminate\\Pipeline\\Pipeline.php(183): Illuminate\\Session\\Middleware\\StartSession->handle(Object(Illuminate\\Http\\Request), Object(Closure))
#26 C:\\Users\\guiup\\Desktop\\Nueva carpeta\\gr04-puigantell-carmona-perez\\vendor\\laravel\\framework\\src\\Illuminate\\Cookie\\Middleware\\AddQueuedCookiesToResponse.php(37): Illuminate\\Pipeline\\Pipeline->Illuminate\\Pipeline\\{closure}(Object(Illuminate\\Http\\Request))
#27 C:\\Users\\guiup\\Desktop\\Nueva carpeta\\gr04-puigantell-carmona-perez\\vendor\\laravel\\framework\\src\\Illuminate\\Pipeline\\Pipeline.php(183): Illuminate\\Cookie\\Middleware\\AddQueuedCookiesToResponse->handle(Object(Illuminate\\Http\\Request), Object(Closure))
#28 C:\\Users\\guiup\\Desktop\\Nueva carpeta\\gr04-puigantell-carmona-perez\\vendor\\laravel\\framework\\src\\Illuminate\\Cookie\\Middleware\\EncryptCookies.php(67): Illuminate\\Pipeline\\Pipeline->Illuminate\\Pipeline\\{closure}(Object(Illuminate\\Http\\Request))
#29 C:\\Users\\guiup\\Desktop\\Nueva carpeta\\gr04-puigantell-carmona-perez\\vendor\\laravel\\framework\\src\\Illuminate\\Pipeline\\Pipeline.php(183): Illuminate\\Cookie\\Middleware\\EncryptCookies->handle(Object(Illuminate\\Http\\Request), Object(Closure))
#30 C:\\Users\\guiup\\Desktop\\Nueva carpeta\\gr04-puigantell-carmona-perez\\vendor\\laravel\\framework\\src\\Illuminate\\Pipeline\\Pipeline.php(119): Illuminate\\Pipeline\\Pipeline->Illuminate\\Pipeline\\{closure}(Object(Illuminate\\Http\\Request))
#31 C:\\Users\\guiup\\Desktop\\Nueva carpeta\\gr04-puigantell-carmona-perez\\vendor\\laravel\\framework\\src\\Illuminate\\Routing\\Router.php(805): Illuminate\\Pipeline\\Pipeline->then(Object(Closure))
#32 C:\\Users\\guiup\\Desktop\\Nueva carpeta\\gr04-puigantell-carmona-perez\\vendor\\laravel\\framework\\src\\Illuminate\\Routing\\Router.php(784): Illuminate\\Routing\\Router->runRouteWithinStack(Object(Illuminate\\Routing\\Route), Object(Illuminate\\Http\\Request))
#33 C:\\Users\\guiup\\Desktop\\Nueva carpeta\\gr04-puigantell-carmona-perez\\vendor\\laravel\\framework\\src\\Illuminate\\Routing\\Router.php(748): Illuminate\\Routing\\Router->runRoute(Object(Illuminate\\Http\\Request), Object(Illuminate\\Routing\\Route))
#34 C:\\Users\\guiup\\Desktop\\Nueva carpeta\\gr04-puigantell-carmona-perez\\vendor\\laravel\\framework\\src\\Illuminate\\Routing\\Router.php(737): Illuminate\\Routing\\Router->dispatchToRoute(Object(Illuminate\\Http\\Request))
#35 C:\\Users\\guiup\\Desktop\\Nueva carpeta\\gr04-puigantell-carmona-perez\\vendor\\laravel\\framework\\src\\Illuminate\\Foundation\\Http\\Kernel.php(200): Illuminate\\Routing\\Router->dispatch(Object(Illuminate\\Http\\Request))
#36 C:\\Users\\guiup\\Desktop\\Nueva carpeta\\gr04-puigantell-carmona-perez\\vendor\\laravel\\framework\\src\\Illuminate\\Pipeline\\Pipeline.php(144): Illuminate\\Foundation\\Http\\Kernel->Illuminate\\Foundation\\Http\\{closure}(Object(Illuminate\\Http\\Request))
#37 C:\\Users\\guiup\\Desktop\\Nueva carpeta\\gr04-puigantell-carmona-perez\\vendor\\laravel\\framework\\src\\Illuminate\\Foundation\\Http\\Middleware\\TransformsRequest.php(21): Illuminate\\Pipeline\\Pipeline->Illuminate\\Pipeline\\{closure}(Object(Illuminate\\Http\\Request))
#38 C:\\Users\\guiup\\Desktop\\Nueva carpeta\\gr04-puigantell-carmona-perez\\vendor\\laravel\\framework\\src\\Illuminate\\Foundation\\Http\\Middleware\\ConvertEmptyStringsToNull.php(31): Illuminate\\Foundation\\Http\\Middleware\\TransformsRequest->handle(Object(Illuminate\\Http\\Request), Object(Closure))
#39 C:\\Users\\guiup\\Desktop\\Nueva carpeta\\gr04-puigantell-carmona-perez\\vendor\\laravel\\framework\\src\\Illuminate\\Pipeline\\Pipeline.php(183): Illuminate\\Foundation\\Http\\Middleware\\ConvertEmptyStringsToNull->handle(Object(Illuminate\\Http\\Request), Object(Closure))
#40 C:\\Users\\guiup\\Desktop\\Nueva carpeta\\gr04-puigantell-carmona-perez\\vendor\\laravel\\framework\\src\\Illuminate\\Foundation\\Http\\Middleware\\TransformsRequest.php(21): Illuminate\\Pipeline\\Pipeline->Illuminate\\Pipeline\\{closure}(Object(Illuminate\\Http\\Request))
#41 C:\\Users\\guiup\\Desktop\\Nueva carpeta\\gr04-puigantell-carmona-perez\\vendor\\laravel\\framework\\src\\Illuminate\\Foundation\\Http\\Middleware\\TrimStrings.php(40): Illuminate\\Foundation\\Http\\Middleware\\TransformsRequest->handle(Object(Illuminate\\Http\\Request), Object(Closure))
#42 C:\\Users\\guiup\\Desktop\\Nueva carpeta\\gr04-puigantell-carmona-perez\\vendor\\laravel\\framework\\src\\Illuminate\\Pipeline\\Pipeline.php(183): Illuminate\\Foundation\\Http\\Middleware\\TrimStrings->handle(Object(Illuminate\\Http\\Request), Object(Closure))
#43 C:\\Users\\guiup\\Desktop\\Nueva carpeta\\gr04-puigantell-carmona-perez\\vendor\\laravel\\framework\\src\\Illuminate\\Foundation\\Http\\Middleware\\ValidatePostSize.php(27): Illuminate\\Pipeline\\Pipeline->Illuminate\\Pipeline\\{closure}(Object(Illuminate\\Http\\Request))
#44 C:\\Users\\guiup\\Desktop\\Nueva carpeta\\gr04-puigantell-carmona-perez\\vendor\\laravel\\framework\\src\\Illuminate\\Pipeline\\Pipeline.php(183): Illuminate\\Foundation\\Http\\Middleware\\ValidatePostSize->handle(Object(Illuminate\\Http\\Request), Object(Closure))
#45 C:\\Users\\guiup\\Desktop\\Nueva carpeta\\gr04-puigantell-carmona-perez\\vendor\\laravel\\framework\\src\\Illuminate\\Foundation\\Http\\Middleware\\PreventRequestsDuringMaintenance.php(99): Illuminate\\Pipeline\\Pipeline->Illuminate\\Pipeline\\{closure}(Object(Illuminate\\Http\\Request))
#46 C:\\Users\\guiup\\Desktop\\Nueva carpeta\\gr04-puigantell-carmona-perez\\vendor\\laravel\\framework\\src\\Illuminate\\Pipeline\\Pipeline.php(183): Illuminate\\Foundation\\Http\\Middleware\\PreventRequestsDuringMaintenance->handle(Object(Illuminate\\Http\\Request), Object(Closure))
#47 C:\\Users\\guiup\\Desktop\\Nueva carpeta\\gr04-puigantell-carmona-perez\\vendor\\laravel\\framework\\src\\Illuminate\\Http\\Middleware\\HandleCors.php(62): Illuminate\\Pipeline\\Pipeline->Illuminate\\Pipeline\\{closure}(Object(Illuminate\\Http\\Request))
#48 C:\\Users\\guiup\\Desktop\\Nueva carpeta\\gr04-puigantell-carmona-perez\\vendor\\laravel\\framework\\src\\Illuminate\\Pipeline\\Pipeline.php(183): Illuminate\\Http\\Middleware\\HandleCors->handle(Object(Illuminate\\Http\\Request), Object(Closure))
#49 C:\\Users\\guiup\\Desktop\\Nueva carpeta\\gr04-puigantell-carmona-perez\\vendor\\laravel\\framework\\src\\Illuminate\\Http\\Middleware\\TrustProxies.php(39): Illuminate\\Pipeline\\Pipeline->Illuminate\\Pipeline\\{closure}(Object(Illuminate\\Http\\Request))
#50 C:\\Users\\guiup\\Desktop\\Nueva carpeta\\gr04-puigantell-carmona-perez\\vendor\\laravel\\framework\\src\\Illuminate\\Pipeline\\Pipeline.php(183): Illuminate\\Http\\Middleware\\TrustProxies->handle(Object(Illuminate\\Http\\Request), Object(Closure))
#51 C:\\Users\\guiup\\Desktop\\Nueva carpeta\\gr04-puigantell-carmona-perez\\vendor\\laravel\\framework\\src\\Illuminate\\Pipeline\\Pipeline.php(119): Illuminate\\Pipeline\\Pipeline->Illuminate\\Pipeline\\{closure}(Object(Illuminate\\Http\\Request))
#52 C:\\Users\\guiup\\Desktop\\Nueva carpeta\\gr04-puigantell-carmona-perez\\vendor\\laravel\\framework\\src\\Illuminate\\Foundation\\Http\\Kernel.php(175): Illuminate\\Pipeline\\Pipeline->then(Object(Closure))
#53 C:\\Users\\guiup\\Desktop\\Nueva carpeta\\gr04-puigantell-carmona-perez\\vendor\\laravel\\framework\\src\\Illuminate\\Foundation\\Http\\Kernel.php(144): Illuminate\\Foundation\\Http\\Kernel->sendRequestThroughRouter(Object(Illuminate\\Http\\Request))
#54 C:\\Users\\guiup\\Desktop\\Nueva carpeta\\gr04-puigantell-carmona-perez\\vendor\\laravel\\framework\\src\\Illuminate\\Foundation\\Testing\\Concerns\\MakesHttpRequests.php(585): Illuminate\\Foundation\\Http\\Kernel->handle(Object(Illuminate\\Http\\Request))
#55 C:\\Users\\guiup\\Desktop\\Nueva carpeta\\gr04-puigantell-carmona-perez\\vendor\\laravel\\framework\\src\\Illuminate\\Foundation\\Testing\\Concerns\\MakesHttpRequests.php(346): Illuminate\\Foundation\\Testing\\TestCase->call('GET', '/', Array, Array, Array, Array)
#56 C:\\Users\\guiup\\Desktop\\Nueva carpeta\\gr04-puigantell-carmona-perez\\tests\\Feature\\ExampleTest.php(15): Illuminate\\Foundation\\Testing\\TestCase->get('/')
#57 C:\\Users\\guiup\\Desktop\\Nueva carpeta\\gr04-puigantell-carmona-perez\\vendor\\phpunit\\phpunit\\src\\Framework\\TestCase.php(1122): Tests\\Feature\\ExampleTest->test_the_application_returns_a_successful_response()
#58 C:\\Users\\guiup\\Desktop\\Nueva carpeta\\gr04-puigantell-carmona-perez\\vendor\\laravel\\framework\\src\\Illuminate\\Foundation\\Testing\\TestCase.php(177): PHPUnit\\Framework\\TestCase->runTest()
#59 C:\\Users\\guiup\\Desktop\\Nueva carpeta\\gr04-puigantell-carmona-perez\\vendor\\phpunit\\phpunit\\src\\Framework\\TestCase.php(654): Illuminate\\Foundation\\Testing\\TestCase->runTest()
#60 C:\\Users\\guiup\\Desktop\\Nueva carpeta\\gr04-puigantell-carmona-perez\\vendor\\phpunit\\phpunit\\src\\Framework\\TestRunner.php(104): PHPUnit\\Framework\\TestCase->runBare()
#61 C:\\Users\\guiup\\Desktop\\Nueva carpeta\\gr04-puigantell-carmona-perez\\vendor\\phpunit\\phpunit\\src\\Framework\\TestCase.php(488): PHPUnit\\Framework\\TestRunner->run(Object(Tests\\Feature\\ExampleTest))
#62 C:\\Users\\guiup\\Desktop\\Nueva carpeta\\gr04-puigantell-carmona-perez\\vendor\\phpunit\\phpunit\\src\\Framework\\TestSuite.php(340): PHPUnit\\Framework\\TestCase->run()
#63 C:\\Users\\guiup\\Desktop\\Nueva carpeta\\gr04-puigantell-carmona-perez\\vendor\\phpunit\\phpunit\\src\\Framework\\TestSuite.php(340): PHPUnit\\Framework\\TestSuite->run()
#64 C:\\Users\\guiup\\Desktop\\Nueva carpeta\\gr04-puigantell-carmona-perez\\vendor\\phpunit\\phpunit\\src\\Framework\\TestSuite.php(340): PHPUnit\\Framework\\TestSuite->run()
#65 C:\\Users\\guiup\\Desktop\\Nueva carpeta\\gr04-puigantell-carmona-perez\\vendor\\phpunit\\phpunit\\src\\TextUI\\TestRunner.php(63): PHPUnit\\Framework\\TestSuite->run()
#66 C:\\Users\\guiup\\Desktop\\Nueva carpeta\\gr04-puigantell-carmona-perez\\vendor\\phpunit\\phpunit\\src\\TextUI\\Application.php(198): PHPUnit\\TextUI\\TestRunner->run(Object(PHPUnit\\TextUI\\Configuration\\Configuration), Object(PHPUnit\\Runner\\ResultCache\\DefaultResultCache), Object(PHPUnit\\Framework\\TestSuite))
#67 C:\\Users\\guiup\\Desktop\\Nueva carpeta\\gr04-puigantell-carmona-perez\\vendor\\phpunit\\phpunit\\phpunit(104): PHPUnit\\TextUI\\Application->run(Array)
#68 {main}"} 
[2024-02-13 15:46:35] local.INFO: Inicio de solicitud a HomeController@index  
[2024-02-13 15:46:35] local.INFO: Fin de solicitud a HomeController@index {"duration":0.0848698616027832} 
[2024-02-13 15:48:24] testing.INFO: Inicio de solicitud a HomeController@index  
[2024-02-13 15:48:24] testing.ERROR: Error en HomeController@index {"error_message":"SQLSTATE[HY000]: General error: 1 no such table: categories (Connection: sqlite, SQL: select \"name\", \"id\" from \"categories\")","trace":"#0 C:\\Users\\guiup\\Desktop\\Nueva carpeta\\gr04-puigantell-carmona-perez\\vendor\\laravel\\framework\\src\\Illuminate\\Database\\Connection.php(783): Illuminate\\Database\\Connection->runQueryCallback('select \"name\", ...', Array, Object(Closure))
#1 C:\\Users\\guiup\\Desktop\\Nueva carpeta\\gr04-puigantell-carmona-perez\\vendor\\laravel\\framework\\src\\Illuminate\\Database\\Connection.php(414): Illuminate\\Database\\Connection->run('select \"name\", ...', Array, Object(Closure))
#2 C:\\Users\\guiup\\Desktop\\Nueva carpeta\\gr04-puigantell-carmona-perez\\vendor\\laravel\\framework\\src\\Illuminate\\Database\\Query\\Builder.php(2751): Illuminate\\Database\\Connection->select('select \"name\", ...', Array, true)
#3 C:\\Users\\guiup\\Desktop\\Nueva carpeta\\gr04-puigantell-carmona-perez\\vendor\\laravel\\framework\\src\\Illuminate\\Database\\Query\\Builder.php(2980): Illuminate\\Database\\Query\\Builder->runSelect()
#4 C:\\Users\\guiup\\Desktop\\Nueva carpeta\\gr04-puigantell-carmona-perez\\vendor\\laravel\\framework\\src\\Illuminate\\Database\\Query\\Builder.php(3294): Illuminate\\Database\\Query\\Builder->Illuminate\\Database\\Query\\{closure}()
#5 C:\\Users\\guiup\\Desktop\\Nueva carpeta\\gr04-puigantell-carmona-perez\\vendor\\laravel\\framework\\src\\Illuminate\\Database\\Query\\Builder.php(2976): Illuminate\\Database\\Query\\Builder->onceWithColumns(Array, Object(Closure))
#6 C:\\Users\\guiup\\Desktop\\Nueva carpeta\\gr04-puigantell-carmona-perez\\vendor\\laravel\\framework\\src\\Illuminate\\Database\\Eloquent\\Builder.php(888): Illuminate\\Database\\Query\\Builder->pluck('name', 'id')
#7 C:\\Users\\guiup\\Desktop\\Nueva carpeta\\gr04-puigantell-carmona-perez\\vendor\\laravel\\framework\\src\\Illuminate\\Support\\Traits\\ForwardsCalls.php(23): Illuminate\\Database\\Eloquent\\Builder->pluck('name', 'id')
#8 C:\\Users\\guiup\\Desktop\\Nueva carpeta\\gr04-puigantell-carmona-perez\\vendor\\laravel\\framework\\src\\Illuminate\\Database\\Eloquent\\Model.php(2334): Illuminate\\Database\\Eloquent\\Model->forwardCallTo(Object(Illuminate\\Database\\Eloquent\\Builder), 'pluck', Array)
#9 C:\\Users\\guiup\\Desktop\\Nueva carpeta\\gr04-puigantell-carmona-perez\\vendor\\laravel\\framework\\src\\Illuminate\\Database\\Eloquent\\Model.php(2346): Illuminate\\Database\\Eloquent\\Model->__call('pluck', Array)
#10 C:\\Users\\guiup\\Desktop\\Nueva carpeta\\gr04-puigantell-carmona-perez\\app\\Http\\Controllers\\HomeController.php(21): Illuminate\\Database\\Eloquent\\Model::__callStatic('pluck', Array)
#11 C:\\Users\\guiup\\Desktop\\Nueva carpeta\\gr04-puigantell-carmona-perez\\vendor\\laravel\\framework\\src\\Illuminate\\Routing\\Controller.php(54): App\\Http\\Controllers\\HomeController->index(Object(Illuminate\\Http\\Request))
#12 C:\\Users\\guiup\\Desktop\\Nueva carpeta\\gr04-puigantell-carmona-perez\\vendor\\laravel\\framework\\src\\Illuminate\\Routing\\ControllerDispatcher.php(43): Illuminate\\Routing\\Controller->callAction('index', Array)
#13 C:\\Users\\guiup\\Desktop\\Nueva carpeta\\gr04-puigantell-carmona-perez\\vendor\\laravel\\framework\\src\\Illuminate\\Routing\\Route.php(259): Illuminate\\Routing\\ControllerDispatcher->dispatch(Object(Illuminate\\Routing\\Route), Object(App\\Http\\Controllers\\HomeController), 'index')
#14 C:\\Users\\guiup\\Desktop\\Nueva carpeta\\gr04-puigantell-carmona-perez\\vendor\\laravel\\framework\\src\\Illuminate\\Routing\\Route.php(205): Illuminate\\Routing\\Route->runController()
#15 C:\\Users\\guiup\\Desktop\\Nueva carpeta\\gr04-puigantell-carmona-perez\\vendor\\laravel\\framework\\src\\Illuminate\\Routing\\Router.php(806): Illuminate\\Routing\\Route->run()
#16 C:\\Users\\guiup\\Desktop\\Nueva carpeta\\gr04-puigantell-carmona-perez\\vendor\\laravel\\framework\\src\\Illuminate\\Pipeline\\Pipeline.php(144): Illuminate\\Routing\\Router->Illuminate\\Routing\\{closure}(Object(Illuminate\\Http\\Request))
#17 C:\\Users\\guiup\\Desktop\\Nueva carpeta\\gr04-puigantell-carmona-perez\\vendor\\laravel\\framework\\src\\Illuminate\\Routing\\Middleware\\SubstituteBindings.php(50): Illuminate\\Pipeline\\Pipeline->Illuminate\\Pipeline\\{closure}(Object(Illuminate\\Http\\Request))
#18 C:\\Users\\guiup\\Desktop\\Nueva carpeta\\gr04-puigantell-carmona-perez\\vendor\\laravel\\framework\\src\\Illuminate\\Pipeline\\Pipeline.php(183): Illuminate\\Routing\\Middleware\\SubstituteBindings->handle(Object(Illuminate\\Http\\Request), Object(Closure))
#19 C:\\Users\\guiup\\Desktop\\Nueva carpeta\\gr04-puigantell-carmona-perez\\vendor\\laravel\\framework\\src\\Illuminate\\Foundation\\Http\\Middleware\\VerifyCsrfToken.php(78): Illuminate\\Pipeline\\Pipeline->Illuminate\\Pipeline\\{closure}(Object(Illuminate\\Http\\Request))
#20 C:\\Users\\guiup\\Desktop\\Nueva carpeta\\gr04-puigantell-carmona-perez\\vendor\\laravel\\framework\\src\\Illuminate\\Pipeline\\Pipeline.php(183): Illuminate\\Foundation\\Http\\Middleware\\VerifyCsrfToken->handle(Object(Illuminate\\Http\\Request), Object(Closure))
#21 C:\\Users\\guiup\\Desktop\\Nueva carpeta\\gr04-puigantell-carmona-perez\\vendor\\laravel\\framework\\src\\Illuminate\\View\\Middleware\\ShareErrorsFromSession.php(49): Illuminate\\Pipeline\\Pipeline->Illuminate\\Pipeline\\{closure}(Object(Illuminate\\Http\\Request))
#22 C:\\Users\\guiup\\Desktop\\Nueva carpeta\\gr04-puigantell-carmona-perez\\vendor\\laravel\\framework\\src\\Illuminate\\Pipeline\\Pipeline.php(183): Illuminate\\View\\Middleware\\ShareErrorsFromSession->handle(Object(Illuminate\\Http\\Request), Object(Closure))
#23 C:\\Users\\guiup\\Desktop\\Nueva carpeta\\gr04-puigantell-carmona-perez\\vendor\\laravel\\framework\\src\\Illuminate\\Session\\Middleware\\StartSession.php(121): Illuminate\\Pipeline\\Pipeline->Illuminate\\Pipeline\\{closure}(Object(Illuminate\\Http\\Request))
#24 C:\\Users\\guiup\\Desktop\\Nueva carpeta\\gr04-puigantell-carmona-perez\\vendor\\laravel\\framework\\src\\Illuminate\\Session\\Middleware\\StartSession.php(64): Illuminate\\Session\\Middleware\\StartSession->handleStatefulRequest(Object(Illuminate\\Http\\Request), Object(Illuminate\\Session\\Store), Object(Closure))
#25 C:\\Users\\guiup\\Desktop\\Nueva carpeta\\gr04-puigantell-carmona-perez\\vendor\\laravel\\framework\\src\\Illuminate\\Pipeline\\Pipeline.php(183): Illuminate\\Session\\Middleware\\StartSession->handle(Object(Illuminate\\Http\\Request), Object(Closure))
#26 C:\\Users\\guiup\\Desktop\\Nueva carpeta\\gr04-puigantell-carmona-perez\\vendor\\laravel\\framework\\src\\Illuminate\\Cookie\\Middleware\\AddQueuedCookiesToResponse.php(37): Illuminate\\Pipeline\\Pipeline->Illuminate\\Pipeline\\{closure}(Object(Illuminate\\Http\\Request))
#27 C:\\Users\\guiup\\Desktop\\Nueva carpeta\\gr04-puigantell-carmona-perez\\vendor\\laravel\\framework\\src\\Illuminate\\Pipeline\\Pipeline.php(183): Illuminate\\Cookie\\Middleware\\AddQueuedCookiesToResponse->handle(Object(Illuminate\\Http\\Request), Object(Closure))
#28 C:\\Users\\guiup\\Desktop\\Nueva carpeta\\gr04-puigantell-carmona-perez\\vendor\\laravel\\framework\\src\\Illuminate\\Cookie\\Middleware\\EncryptCookies.php(67): Illuminate\\Pipeline\\Pipeline->Illuminate\\Pipeline\\{closure}(Object(Illuminate\\Http\\Request))
#29 C:\\Users\\guiup\\Desktop\\Nueva carpeta\\gr04-puigantell-carmona-perez\\vendor\\laravel\\framework\\src\\Illuminate\\Pipeline\\Pipeline.php(183): Illuminate\\Cookie\\Middleware\\EncryptCookies->handle(Object(Illuminate\\Http\\Request), Object(Closure))
#30 C:\\Users\\guiup\\Desktop\\Nueva carpeta\\gr04-puigantell-carmona-perez\\vendor\\laravel\\framework\\src\\Illuminate\\Pipeline\\Pipeline.php(119): Illuminate\\Pipeline\\Pipeline->Illuminate\\Pipeline\\{closure}(Object(Illuminate\\Http\\Request))
#31 C:\\Users\\guiup\\Desktop\\Nueva carpeta\\gr04-puigantell-carmona-perez\\vendor\\laravel\\framework\\src\\Illuminate\\Routing\\Router.php(805): Illuminate\\Pipeline\\Pipeline->then(Object(Closure))
#32 C:\\Users\\guiup\\Desktop\\Nueva carpeta\\gr04-puigantell-carmona-perez\\vendor\\laravel\\framework\\src\\Illuminate\\Routing\\Router.php(784): Illuminate\\Routing\\Router->runRouteWithinStack(Object(Illuminate\\Routing\\Route), Object(Illuminate\\Http\\Request))
#33 C:\\Users\\guiup\\Desktop\\Nueva carpeta\\gr04-puigantell-carmona-perez\\vendor\\laravel\\framework\\src\\Illuminate\\Routing\\Router.php(748): Illuminate\\Routing\\Router->runRoute(Object(Illuminate\\Http\\Request), Object(Illuminate\\Routing\\Route))
#34 C:\\Users\\guiup\\Desktop\\Nueva carpeta\\gr04-puigantell-carmona-perez\\vendor\\laravel\\framework\\src\\Illuminate\\Routing\\Router.php(737): Illuminate\\Routing\\Router->dispatchToRoute(Object(Illuminate\\Http\\Request))
#35 C:\\Users\\guiup\\Desktop\\Nueva carpeta\\gr04-puigantell-carmona-perez\\vendor\\laravel\\framework\\src\\Illuminate\\Foundation\\Http\\Kernel.php(200): Illuminate\\Routing\\Router->dispatch(Object(Illuminate\\Http\\Request))
#36 C:\\Users\\guiup\\Desktop\\Nueva carpeta\\gr04-puigantell-carmona-perez\\vendor\\laravel\\framework\\src\\Illuminate\\Pipeline\\Pipeline.php(144): Illuminate\\Foundation\\Http\\Kernel->Illuminate\\Foundation\\Http\\{closure}(Object(Illuminate\\Http\\Request))
#37 C:\\Users\\guiup\\Desktop\\Nueva carpeta\\gr04-puigantell-carmona-perez\\vendor\\laravel\\framework\\src\\Illuminate\\Foundation\\Http\\Middleware\\TransformsRequest.php(21): Illuminate\\Pipeline\\Pipeline->Illuminate\\Pipeline\\{closure}(Object(Illuminate\\Http\\Request))
#38 C:\\Users\\guiup\\Desktop\\Nueva carpeta\\gr04-puigantell-carmona-perez\\vendor\\laravel\\framework\\src\\Illuminate\\Foundation\\Http\\Middleware\\ConvertEmptyStringsToNull.php(31): Illuminate\\Foundation\\Http\\Middleware\\TransformsRequest->handle(Object(Illuminate\\Http\\Request), Object(Closure))
#39 C:\\Users\\guiup\\Desktop\\Nueva carpeta\\gr04-puigantell-carmona-perez\\vendor\\laravel\\framework\\src\\Illuminate\\Pipeline\\Pipeline.php(183): Illuminate\\Foundation\\Http\\Middleware\\ConvertEmptyStringsToNull->handle(Object(Illuminate\\Http\\Request), Object(Closure))
#40 C:\\Users\\guiup\\Desktop\\Nueva carpeta\\gr04-puigantell-carmona-perez\\vendor\\laravel\\framework\\src\\Illuminate\\Foundation\\Http\\Middleware\\TransformsRequest.php(21): Illuminate\\Pipeline\\Pipeline->Illuminate\\Pipeline\\{closure}(Object(Illuminate\\Http\\Request))
#41 C:\\Users\\guiup\\Desktop\\Nueva carpeta\\gr04-puigantell-carmona-perez\\vendor\\laravel\\framework\\src\\Illuminate\\Foundation\\Http\\Middleware\\TrimStrings.php(40): Illuminate\\Foundation\\Http\\Middleware\\TransformsRequest->handle(Object(Illuminate\\Http\\Request), Object(Closure))
#42 C:\\Users\\guiup\\Desktop\\Nueva carpeta\\gr04-puigantell-carmona-perez\\vendor\\laravel\\framework\\src\\Illuminate\\Pipeline\\Pipeline.php(183): Illuminate\\Foundation\\Http\\Middleware\\TrimStrings->handle(Object(Illuminate\\Http\\Request), Object(Closure))
#43 C:\\Users\\guiup\\Desktop\\Nueva carpeta\\gr04-puigantell-carmona-perez\\vendor\\laravel\\framework\\src\\Illuminate\\Foundation\\Http\\Middleware\\ValidatePostSize.php(27): Illuminate\\Pipeline\\Pipeline->Illuminate\\Pipeline\\{closure}(Object(Illuminate\\Http\\Request))
#44 C:\\Users\\guiup\\Desktop\\Nueva carpeta\\gr04-puigantell-carmona-perez\\vendor\\laravel\\framework\\src\\Illuminate\\Pipeline\\Pipeline.php(183): Illuminate\\Foundation\\Http\\Middleware\\ValidatePostSize->handle(Object(Illuminate\\Http\\Request), Object(Closure))
#45 C:\\Users\\guiup\\Desktop\\Nueva carpeta\\gr04-puigantell-carmona-perez\\vendor\\laravel\\framework\\src\\Illuminate\\Foundation\\Http\\Middleware\\PreventRequestsDuringMaintenance.php(99): Illuminate\\Pipeline\\Pipeline->Illuminate\\Pipeline\\{closure}(Object(Illuminate\\Http\\Request))
#46 C:\\Users\\guiup\\Desktop\\Nueva carpeta\\gr04-puigantell-carmona-perez\\vendor\\laravel\\framework\\src\\Illuminate\\Pipeline\\Pipeline.php(183): Illuminate\\Foundation\\Http\\Middleware\\PreventRequestsDuringMaintenance->handle(Object(Illuminate\\Http\\Request), Object(Closure))
#47 C:\\Users\\guiup\\Desktop\\Nueva carpeta\\gr04-puigantell-carmona-perez\\vendor\\laravel\\framework\\src\\Illuminate\\Http\\Middleware\\HandleCors.php(62): Illuminate\\Pipeline\\Pipeline->Illuminate\\Pipeline\\{closure}(Object(Illuminate\\Http\\Request))
#48 C:\\Users\\guiup\\Desktop\\Nueva carpeta\\gr04-puigantell-carmona-perez\\vendor\\laravel\\framework\\src\\Illuminate\\Pipeline\\Pipeline.php(183): Illuminate\\Http\\Middleware\\HandleCors->handle(Object(Illuminate\\Http\\Request), Object(Closure))
#49 C:\\Users\\guiup\\Desktop\\Nueva carpeta\\gr04-puigantell-carmona-perez\\vendor\\laravel\\framework\\src\\Illuminate\\Http\\Middleware\\TrustProxies.php(39): Illuminate\\Pipeline\\Pipeline->Illuminate\\Pipeline\\{closure}(Object(Illuminate\\Http\\Request))
#50 C:\\Users\\guiup\\Desktop\\Nueva carpeta\\gr04-puigantell-carmona-perez\\vendor\\laravel\\framework\\src\\Illuminate\\Pipeline\\Pipeline.php(183): Illuminate\\Http\\Middleware\\TrustProxies->handle(Object(Illuminate\\Http\\Request), Object(Closure))
#51 C:\\Users\\guiup\\Desktop\\Nueva carpeta\\gr04-puigantell-carmona-perez\\vendor\\laravel\\framework\\src\\Illuminate\\Pipeline\\Pipeline.php(119): Illuminate\\Pipeline\\Pipeline->Illuminate\\Pipeline\\{closure}(Object(Illuminate\\Http\\Request))
#52 C:\\Users\\guiup\\Desktop\\Nueva carpeta\\gr04-puigantell-carmona-perez\\vendor\\laravel\\framework\\src\\Illuminate\\Foundation\\Http\\Kernel.php(175): Illuminate\\Pipeline\\Pipeline->then(Object(Closure))
#53 C:\\Users\\guiup\\Desktop\\Nueva carpeta\\gr04-puigantell-carmona-perez\\vendor\\laravel\\framework\\src\\Illuminate\\Foundation\\Http\\Kernel.php(144): Illuminate\\Foundation\\Http\\Kernel->sendRequestThroughRouter(Object(Illuminate\\Http\\Request))
#54 C:\\Users\\guiup\\Desktop\\Nueva carpeta\\gr04-puigantell-carmona-perez\\vendor\\laravel\\framework\\src\\Illuminate\\Foundation\\Testing\\Concerns\\MakesHttpRequests.php(585): Illuminate\\Foundation\\Http\\Kernel->handle(Object(Illuminate\\Http\\Request))
#55 C:\\Users\\guiup\\Desktop\\Nueva carpeta\\gr04-puigantell-carmona-perez\\vendor\\laravel\\framework\\src\\Illuminate\\Foundation\\Testing\\Concerns\\MakesHttpRequests.php(346): Illuminate\\Foundation\\Testing\\TestCase->call('GET', '/', Array, Array, Array, Array)
#56 C:\\Users\\guiup\\Desktop\\Nueva carpeta\\gr04-puigantell-carmona-perez\\tests\\Feature\\ExampleTest.php(15): Illuminate\\Foundation\\Testing\\TestCase->get('/')
#57 C:\\Users\\guiup\\Desktop\\Nueva carpeta\\gr04-puigantell-carmona-perez\\vendor\\phpunit\\phpunit\\src\\Framework\\TestCase.php(1122): Tests\\Feature\\ExampleTest->test_the_application_returns_a_successful_response()
#58 C:\\Users\\guiup\\Desktop\\Nueva carpeta\\gr04-puigantell-carmona-perez\\vendor\\laravel\\framework\\src\\Illuminate\\Foundation\\Testing\\TestCase.php(177): PHPUnit\\Framework\\TestCase->runTest()
#59 C:\\Users\\guiup\\Desktop\\Nueva carpeta\\gr04-puigantell-carmona-perez\\vendor\\phpunit\\phpunit\\src\\Framework\\TestCase.php(654): Illuminate\\Foundation\\Testing\\TestCase->runTest()
#60 C:\\Users\\guiup\\Desktop\\Nueva carpeta\\gr04-puigantell-carmona-perez\\vendor\\phpunit\\phpunit\\src\\Framework\\TestRunner.php(104): PHPUnit\\Framework\\TestCase->runBare()
#61 C:\\Users\\guiup\\Desktop\\Nueva carpeta\\gr04-puigantell-carmona-perez\\vendor\\phpunit\\phpunit\\src\\Framework\\TestCase.php(488): PHPUnit\\Framework\\TestRunner->run(Object(Tests\\Feature\\ExampleTest))
#62 C:\\Users\\guiup\\Desktop\\Nueva carpeta\\gr04-puigantell-carmona-perez\\vendor\\phpunit\\phpunit\\src\\Framework\\TestSuite.php(340): PHPUnit\\Framework\\TestCase->run()
#63 C:\\Users\\guiup\\Desktop\\Nueva carpeta\\gr04-puigantell-carmona-perez\\vendor\\phpunit\\phpunit\\src\\Framework\\TestSuite.php(340): PHPUnit\\Framework\\TestSuite->run()
#64 C:\\Users\\guiup\\Desktop\\Nueva carpeta\\gr04-puigantell-carmona-perez\\vendor\\phpunit\\phpunit\\src\\Framework\\TestSuite.php(340): PHPUnit\\Framework\\TestSuite->run()
#65 C:\\Users\\guiup\\Desktop\\Nueva carpeta\\gr04-puigantell-carmona-perez\\vendor\\phpunit\\phpunit\\src\\TextUI\\TestRunner.php(63): PHPUnit\\Framework\\TestSuite->run()
#66 C:\\Users\\guiup\\Desktop\\Nueva carpeta\\gr04-puigantell-carmona-perez\\vendor\\phpunit\\phpunit\\src\\TextUI\\Application.php(198): PHPUnit\\TextUI\\TestRunner->run(Object(PHPUnit\\TextUI\\Configuration\\Configuration), Object(PHPUnit\\Runner\\ResultCache\\DefaultResultCache), Object(PHPUnit\\Framework\\TestSuite))
#67 C:\\Users\\guiup\\Desktop\\Nueva carpeta\\gr04-puigantell-carmona-perez\\vendor\\phpunit\\phpunit\\phpunit(104): PHPUnit\\TextUI\\Application->run(Array)
#68 {main}"} 
